Arguments: 
  C:\Program Files\nodejs\node.exe C:\Program Files (x86)\Yarn\bin\yarn.js add react

PATH: 
  C:\Windows\system32;C:\Windows;C:\Windows\System32\Wbem;C:\Windows\System32\WindowsPowerShell\v1.0\;C:\Program Files (x86)\AOMEI Backupper 2.1;C:\Program Files\TortoiseSVN\bin;C:\Program Files\Microsoft SQL Server\130\Tools\Binn\;C:\Program Files\dotnet\;C:\Windows\system32\config\systemprofile\.dnx\bin;C:\Program Files\Microsoft DNX\Dnvm\;C:\Program Files\Microsoft SQL Server\120\Tools\Binn\;C:\Program Files (x86)\VisualSVN\bin;C:\Program Files (x86)\Microsoft SQL Server\110\Tools\Binn\;C:\Program Files\Microsoft SQL Server\110\Tools\Binn\;C:\Program Files\Microsoft SQL Server\110\DTS\Binn\;C:\Program Files (x86)\Microsoft SQL Server\110\Tools\Binn\ManagementStudio\;C:\Program Files (x86)\Microsoft SQL Server\110\DTS\Binn\;C:\Program Files (x86)\GtkSharp\2.12\bin;C:\Program Files\nodejs\;C:\Program Files (x86)\IDM Computer Solutions\UltraEdit;C:\Program Files\Microsoft\Web Platform Installer\;C:\ProgramData\chocolatey\bin;C:\Program Files (x86)\Yarn\bin;C:\Program Files\Git\cmd;C:\Users\wangle\AppData\Local\Programs\Python\Python36\Scripts\;C:\Users\wangle\AppData\Local\Programs\Python\Python36\;C:\Users\wangle\.dnx\bin;C:\Users\wangle\AppData\Roaming\npm;C:\Users\wangle\AppData\Local\Programs\Fiddler;C:\Users\wangle\AppData\Local\Yarn\bin;C:\Program Files\Microsoft VS Code\bin

Yarn version: 
  1.3.2

Node version: 
  8.2.1

Platform: 
  win32 x64

npm manifest: 
  {
    "name": "RRRSWQL",
    "version": "1.0.0",
    "description": "reactjs react router Semantic UI webpack graphql",
    "main": "main.js",
    "repository": "https://github.com/Ignorantcrazy/RRRSWQL.git",
    "author": "Ignorantcrazy <le_crazy@126.com>",
    "license": "MIT",
    "scripts": {
      "start": "react-scripts start",
      "build": "react-scripts build",
      "test": "react-scripts test --env=jsdom",
      "eject": "react-scripts eject"
    },
    "dependencies": {
      
    }
  }

yarn manifest: 
  No manifest

Lockfile: 
  No lockfile

Trace: 
  Error: connect ETIMEDOUT 104.16.63.173:443
      at Object.exports._errnoException (util.js:1024:11)
      at exports._exceptionWithHostPort (util.js:1047:20)
      at TCPConnectWrap.afterConnect [as oncomplete] (net.js:1150:14)
